# JRE version: OpenJDK Runtime Environment (8.0_222-b10) (build 1.8.0_222-8u222-b10-1ubuntu1~18.04.1-b10)
# Java VM: OpenJDK 64-Bit Server VM (25.222-b10 mixed mode linux-amd64 compressed oops)
Heap:
 PSYoungGen      total 281088K, used 0K [0x00000000eab00000, 0x0000000100000000, 0x0000000100000000)
  eden space 247808K, 0% used [0x00000000eab00000,0x00000000eab00000,0x00000000f9d00000)
  from space 33280K, 0% used [0x00000000fdf80000,0x00000000fdf80000,0x0000000100000000)
  to   space 50688K, 0% used [0x00000000f9d00000,0x00000000f9d00000,0x00000000fce80000)
 ParOldGen       total 79872K, used 68557K [0x00000000c0000000, 0x00000000c4e00000, 0x00000000eab00000)
  object space 79872K, 85% used [0x00000000c0000000,0x00000000c42f3750,0x00000000c4e00000)
 Metaspace       used 93549K, capacity 94644K, committed 94848K, reserved 1130496K
  class space    used 13342K, capacity 13569K, committed 13696K, reserved 1048576K
GC Heap History (10 events):
Event: 176.864 GC heap after
Heap after GC invocations=17 (full 3):
 PSYoungGen      total 321536K, used 18309K [0x00000000eab00000, 0x0000000100000000, 0x0000000100000000)
  eden space 295936K, 0% used [0x00000000eab00000,0x00000000eab00000,0x00000000fcc00000)
  from space 25600K, 71% used [0x00000000fe700000,0x00000000ff8e16b8,0x0000000100000000)
  to   space 26624K, 0% used [0x00000000fcc00000,0x00000000fcc00000,0x00000000fe600000)
 ParOldGen       total 79872K, used 19142K [0x00000000c0000000, 0x00000000c4e00000, 0x00000000eab00000)
  object space 79872K, 23% used [0x00000000c0000000,0x00000000c12b1b80,0x00000000c4e00000)
 Metaspace       used 89087K, capacity 90082K, committed 90112K, reserved 1126400K
  class space    used 12828K, capacity 13034K, committed 13056K, reserved 1048576K
}
Event: 182.336 GC heap before
{Heap before GC invocations=18 (full 3):
 PSYoungGen      total 321536K, used 314245K [0x00000000eab00000, 0x0000000100000000, 0x0000000100000000)
  eden space 295936K, 100% used [0x00000000eab00000,0x00000000fcc00000,0x00000000fcc00000)
  from space 25600K, 71% used [0x00000000fe700000,0x00000000ff8e16b8,0x0000000100000000)
  to   space 26624K, 0% used [0x00000000fcc00000,0x00000000fcc00000,0x00000000fe600000)
 ParOldGen       total 79872K, used 19142K [0x00000000c0000000, 0x00000000c4e00000, 0x00000000eab00000)
  object space 79872K, 23% used [0x00000000c0000000,0x00000000c12b1b80,0x00000000c4e00000)
 Metaspace       used 92249K, capacity 93318K, committed 93440K, reserved 1128448K
  class space    used 13290K, capacity 13511K, committed 13568K, reserved 1048576K
Event: 182.387 GC heap after
Heap after GC invocations=18 (full 3):
 PSYoungGen      total 321536K, used 25527K [0x00000000eab00000, 0x0000000100000000, 0x0000000100000000)
  eden space 295936K, 0% used [0x00000000eab00000,0x00000000eab00000,0x00000000fcc00000)
  from space 25600K, 99% used [0x00000000fcc00000,0x00000000fe4edd10,0x00000000fe500000)
  to   space 27648K, 0% used [0x00000000fe500000,0x00000000fe500000,0x0000000100000000)
 ParOldGen       total 79872K, used 19150K [0x00000000c0000000, 0x00000000c4e00000, 0x00000000eab00000)
  object space 79872K, 23% used [0x00000000c0000000,0x00000000c12b3b80,0x00000000c4e00000)
 Metaspace       used 92249K, capacity 93318K, committed 93440K, reserved 1128448K
  class space    used 13290K, capacity 13511K, committed 13568K, reserved 1048576K
}
Event: 188.113 GC heap before
{Heap before GC invocations=19 (full 3):
 PSYoungGen      total 321536K, used 321463K [0x00000000eab00000, 0x0000000100000000, 0x0000000100000000)
  eden space 295936K, 100% used [0x00000000eab00000,0x00000000fcc00000,0x00000000fcc00000)
  from space 25600K, 99% used [0x00000000fcc00000,0x00000000fe4edd10,0x00000000fe500000)
  to   space 27648K, 0% used [0x00000000fe500000,0x00000000fe500000,0x0000000100000000)
 ParOldGen       total 79872K, used 19150K [0x00000000c0000000, 0x00000000c4e00000, 0x00000000eab00000)
  object space 79872K, 23% used [0x00000000c0000000,0x00000000c12b3b80,0x00000000c4e00000)
 Metaspace       used 93017K, capacity 94146K, committed 94336K, reserved 1130496K
  class space    used 13332K, capacity 13572K, committed 13696K, reserved 1048576K
Event: 188.158 GC heap after
Heap after GC invocations=19 (full 3):
 PSYoungGen      total 310272K, used 25211K [0x00000000eab00000, 0x0000000100000000, 0x0000000100000000)
  eden space 282624K, 0% used [0x00000000eab00000,0x00000000eab00000,0x00000000fbf00000)
  from space 27648K, 91% used [0x00000000fe500000,0x00000000ffd9efe0,0x0000000100000000)
  to   space 33280K, 0% used [0x00000000fbf00000,0x00000000fbf00000,0x00000000fdf80000)
 ParOldGen       total 79872K, used 19193K [0x00000000c0000000, 0x00000000c4e00000, 0x00000000eab00000)
  object space 79872K, 24% used [0x00000000c0000000,0x00000000c12be7b0,0x00000000c4e00000)
 Metaspace       used 93017K, capacity 94146K, committed 94336K, reserved 1130496K
  class space    used 13332K, capacity 13572K, committed 13696K, reserved 1048576K
}
Event: 191.683 GC heap before
{Heap before GC invocations=20 (full 3):
 PSYoungGen      total 310272K, used 307835K [0x00000000eab00000, 0x0000000100000000, 0x0000000100000000)
  eden space 282624K, 100% used [0x00000000eab00000,0x00000000fbf00000,0x00000000fbf00000)
  from space 27648K, 91% used [0x00000000fe500000,0x00000000ffd9efe0,0x0000000100000000)
  to   space 33280K, 0% used [0x00000000fbf00000,0x00000000fbf00000,0x00000000fdf80000)
 ParOldGen       total 79872K, used 19193K [0x00000000c0000000, 0x00000000c4e00000, 0x00000000eab00000)
  object space 79872K, 24% used [0x00000000c0000000,0x00000000c12be7b0,0x00000000c4e00000)
 Metaspace       used 93390K, capacity 94466K, committed 94592K, reserved 1130496K
  class space    used 13344K, capacity 13572K, committed 13696K, reserved 1048576K
Event: 191.766 GC heap after
Heap after GC invocations=20 (full 3):
 PSYoungGen      total 315904K, used 33266K [0x00000000eab00000, 0x0000000100000000, 0x0000000100000000)
  eden space 282624K, 0% used [0x00000000eab00000,0x00000000eab00000,0x00000000fbf00000)
  from space 33280K, 99% used [0x00000000fbf00000,0x00000000fdf7c898,0x00000000fdf80000)
  to   space 33280K, 0% used [0x00000000fdf80000,0x00000000fdf80000,0x0000000100000000)
 ParOldGen       total 79872K, used 52359K [0x00000000c0000000, 0x00000000c4e00000, 0x00000000eab00000)
  object space 79872K, 65% used [0x00000000c0000000,0x00000000c3321da8,0x00000000c4e00000)
 Metaspace       used 93390K, capacity 94466K, committed 94592K, reserved 1130496K
  class space    used 13344K, capacity 13572K, committed 13696K, reserved 1048576K
}
Event: 200.782 GC heap before
{Heap before GC invocations=21 (full 3):
 PSYoungGen      total 315904K, used 315890K [0x00000000eab00000, 0x0000000100000000, 0x0000000100000000)
  eden space 282624K, 100% used [0x00000000eab00000,0x00000000fbf00000,0x00000000fbf00000)
  from space 33280K, 99% used [0x00000000fbf00000,0x00000000fdf7c898,0x00000000fdf80000)
  to   space 33280K, 0% used [0x00000000fdf80000,0x00000000fdf80000,0x0000000100000000)
 ParOldGen       total 79872K, used 52359K [0x00000000c0000000, 0x00000000c4e00000, 0x00000000eab00000)
  object space 79872K, 65% used [0x00000000c0000000,0x00000000c3321da8,0x00000000c4e00000)
 Metaspace       used 93558K, capacity 94662K, committed 94848K, reserved 1130496K
  class space    used 13344K, capacity 13572K, committed 13696K, reserved 1048576K
Event: 200.933 GC heap after
Heap after GC invocations=21 (full 3):
 PSYoungGen      total 281088K, used 27260K [0x00000000eab00000, 0x0000000100000000, 0x0000000100000000)
  eden space 247808K, 0% used [0x00000000eab00000,0x00000000eab00000,0x00000000f9d00000)
  from space 33280K, 81% used [0x00000000fdf80000,0x00000000ffa1f348,0x0000000100000000)
  to   space 50688K, 0% used [0x00000000f9d00000,0x00000000f9d00000,0x00000000fce80000)
 ParOldGen       total 79872K, used 62507K [0x00000000c0000000, 0x00000000c4e00000, 0x00000000eab00000)
  object space 79872K, 78% used [0x00000000c0000000,0x00000000c3d0ac08,0x00000000c4e00000)
 Metaspace       used 93558K, capacity 94662K, committed 94848K, reserved 1130496K
  class space    used 13344K, capacity 13572K, committed 13696K, reserved 1048576K
}
Event: 200.940 GC heap before
{Heap before GC invocations=22 (full 4):
 PSYoungGen      total 281088K, used 27260K [0x00000000eab00000, 0x0000000100000000, 0x0000000100000000)
  eden space 247808K, 0% used [0x00000000eab00000,0x00000000eab00000,0x00000000f9d00000)
  from space 33280K, 81% used [0x00000000fdf80000,0x00000000ffa1f348,0x0000000100000000)
  to   space 50688K, 0% used [0x00000000f9d00000,0x00000000f9d00000,0x00000000fce80000)
 ParOldGen       total 79872K, used 62507K [0x00000000c0000000, 0x00000000c4e00000, 0x00000000eab00000)
  object space 79872K, 78% used [0x00000000c0000000,0x00000000c3d0ac08,0x00000000c4e00000)
 Metaspace       used 93558K, capacity 94662K, committed 94848K, reserved 1130496K
  class space    used 13344K, capacity 13572K, committed 13696K, reserved 1048576K

