# JRE version: OpenJDK Runtime Environment (8.0_222-b10) (build 1.8.0_222-8u222-b10-1ubuntu1~18.04.1-b10)
# Java VM: OpenJDK 64-Bit Server VM (25.222-b10 mixed mode linux-amd64 compressed oops)
Heap:
 PSYoungGen      total 323584K, used 0K [0x00000000eab00000, 0x0000000100000000, 0x0000000100000000)
  eden space 297984K, 0% used [0x00000000eab00000,0x00000000eab00000,0x00000000fce00000)
  from space 25600K, 0% used [0x00000000fce00000,0x00000000fce00000,0x00000000fe700000)
  to   space 25600K, 0% used [0x00000000fe700000,0x00000000fe700000,0x0000000100000000)
 ParOldGen       total 101888K, used 73336K [0x00000000c0000000, 0x00000000c6380000, 0x00000000eab00000)
  object space 101888K, 71% used [0x00000000c0000000,0x00000000c479e320,0x00000000c6380000)
 Metaspace       used 95959K, capacity 97396K, committed 97536K, reserved 1132544K
  class space    used 13425K, capacity 13814K, committed 13824K, reserved 1048576K
GC Heap History (10 events):
Event: 116.630 GC heap after
Heap after GC invocations=44 (full 3):
 PSYoungGen      total 325632K, used 17841K [0x00000000eab00000, 0x0000000100000000, 0x0000000100000000)
  eden space 305152K, 0% used [0x00000000eab00000,0x00000000eab00000,0x00000000fd500000)
  from space 20480K, 87% used [0x00000000fd500000,0x00000000fe66c5b0,0x00000000fe900000)
  to   space 22528K, 0% used [0x00000000fea00000,0x00000000fea00000,0x0000000100000000)
 ParOldGen       total 99840K, used 82150K [0x00000000c0000000, 0x00000000c6180000, 0x00000000eab00000)
  object space 99840K, 82% used [0x00000000c0000000,0x00000000c5039a30,0x00000000c6180000)
 Metaspace       used 95664K, capacity 97134K, committed 97280K, reserved 1132544K
  class space    used 13410K, capacity 13802K, committed 13824K, reserved 1048576K
}
Event: 118.426 GC heap before
{Heap before GC invocations=45 (full 3):
 PSYoungGen      total 325632K, used 322993K [0x00000000eab00000, 0x0000000100000000, 0x0000000100000000)
  eden space 305152K, 100% used [0x00000000eab00000,0x00000000fd500000,0x00000000fd500000)
  from space 20480K, 87% used [0x00000000fd500000,0x00000000fe66c5b0,0x00000000fe900000)
  to   space 22528K, 0% used [0x00000000fea00000,0x00000000fea00000,0x0000000100000000)
 ParOldGen       total 99840K, used 82150K [0x00000000c0000000, 0x00000000c6180000, 0x00000000eab00000)
  object space 99840K, 82% used [0x00000000c0000000,0x00000000c5039a30,0x00000000c6180000)
 Metaspace       used 95839K, capacity 97304K, committed 97536K, reserved 1132544K
  class space    used 13423K, capacity 13810K, committed 13824K, reserved 1048576K
Event: 118.433 GC heap after
Heap after GC invocations=45 (full 3):
 PSYoungGen      total 327168K, used 10825K [0x00000000eab00000, 0x0000000100000000, 0x0000000100000000)
  eden space 304640K, 0% used [0x00000000eab00000,0x00000000eab00000,0x00000000fd480000)
  from space 22528K, 48% used [0x00000000fea00000,0x00000000ff492758,0x0000000100000000)
  to   space 22016K, 0% used [0x00000000fd480000,0x00000000fd480000,0x00000000fea00000)
 ParOldGen       total 99840K, used 82262K [0x00000000c0000000, 0x00000000c6180000, 0x00000000eab00000)
  object space 99840K, 82% used [0x00000000c0000000,0x00000000c5055a30,0x00000000c6180000)
 Metaspace       used 95839K, capacity 97304K, committed 97536K, reserved 1132544K
  class space    used 13423K, capacity 13810K, committed 13824K, reserved 1048576K
}
Event: 134.348 GC heap before
{Heap before GC invocations=46 (full 3):
 PSYoungGen      total 327168K, used 315465K [0x00000000eab00000, 0x0000000100000000, 0x0000000100000000)
  eden space 304640K, 100% used [0x00000000eab00000,0x00000000fd480000,0x00000000fd480000)
  from space 22528K, 48% used [0x00000000fea00000,0x00000000ff492758,0x0000000100000000)
  to   space 22016K, 0% used [0x00000000fd480000,0x00000000fd480000,0x00000000fea00000)
 ParOldGen       total 99840K, used 82262K [0x00000000c0000000, 0x00000000c6180000, 0x00000000eab00000)
  object space 99840K, 82% used [0x00000000c0000000,0x00000000c5055a30,0x00000000c6180000)
 Metaspace       used 95867K, capacity 97316K, committed 97536K, reserved 1132544K
  class space    used 13424K, capacity 13812K, committed 13824K, reserved 1048576K
Event: 134.374 GC heap after
Heap after GC invocations=46 (full 3):
 PSYoungGen      total 326656K, used 22010K [0x00000000eab00000, 0x0000000100000000, 0x0000000100000000)
  eden space 304640K, 0% used [0x00000000eab00000,0x00000000eab00000,0x00000000fd480000)
  from space 22016K, 99% used [0x00000000fd480000,0x00000000fe9fe880,0x00000000fea00000)
  to   space 22528K, 0% used [0x00000000fea00000,0x00000000fea00000,0x0000000100000000)
 ParOldGen       total 99840K, used 87021K [0x00000000c0000000, 0x00000000c6180000, 0x00000000eab00000)
  object space 99840K, 87% used [0x00000000c0000000,0x00000000c54fb590,0x00000000c6180000)
 Metaspace       used 95867K, capacity 97316K, committed 97536K, reserved 1132544K
  class space    used 13424K, capacity 13812K, committed 13824K, reserved 1048576K
}
Event: 136.318 GC heap before
{Heap before GC invocations=47 (full 3):
 PSYoungGen      total 326656K, used 326650K [0x00000000eab00000, 0x0000000100000000, 0x0000000100000000)
  eden space 304640K, 100% used [0x00000000eab00000,0x00000000fd480000,0x00000000fd480000)
  from space 22016K, 99% used [0x00000000fd480000,0x00000000fe9fe880,0x00000000fea00000)
  to   space 22528K, 0% used [0x00000000fea00000,0x00000000fea00000,0x0000000100000000)
 ParOldGen       total 99840K, used 87021K [0x00000000c0000000, 0x00000000c6180000, 0x00000000eab00000)
  object space 99840K, 87% used [0x00000000c0000000,0x00000000c54fb590,0x00000000c6180000)
 Metaspace       used 95946K, capacity 97386K, committed 97536K, reserved 1132544K
  class space    used 13425K, capacity 13813K, committed 13824K, reserved 1048576K
Event: 136.325 GC heap after
Heap after GC invocations=47 (full 3):
 PSYoungGen      total 320512K, used 12027K [0x00000000eab00000, 0x0000000100000000, 0x0000000100000000)
  eden space 297984K, 0% used [0x00000000eab00000,0x00000000eab00000,0x00000000fce00000)
  from space 22528K, 53% used [0x00000000fea00000,0x00000000ff5becd0,0x0000000100000000)
  to   space 25600K, 0% used [0x00000000fce00000,0x00000000fce00000,0x00000000fe700000)
 ParOldGen       total 99840K, used 87807K [0x00000000c0000000, 0x00000000c6180000, 0x00000000eab00000)
  object space 99840K, 87% used [0x00000000c0000000,0x00000000c55bfd90,0x00000000c6180000)
 Metaspace       used 95946K, capacity 97386K, committed 97536K, reserved 1132544K
  class space    used 13425K, capacity 13813K, committed 13824K, reserved 1048576K
}
Event: 152.813 GC heap before
{Heap before GC invocations=48 (full 3):
 PSYoungGen      total 320512K, used 310011K [0x00000000eab00000, 0x0000000100000000, 0x0000000100000000)
  eden space 297984K, 100% used [0x00000000eab00000,0x00000000fce00000,0x00000000fce00000)
  from space 22528K, 53% used [0x00000000fea00000,0x00000000ff5becd0,0x0000000100000000)
  to   space 25600K, 0% used [0x00000000fce00000,0x00000000fce00000,0x00000000fe700000)
 ParOldGen       total 99840K, used 87807K [0x00000000c0000000, 0x00000000c6180000, 0x00000000eab00000)
  object space 99840K, 87% used [0x00000000c0000000,0x00000000c55bfd90,0x00000000c6180000)
 Metaspace       used 95966K, capacity 97414K, committed 97536K, reserved 1132544K
  class space    used 13427K, capacity 13817K, committed 13824K, reserved 1048576K
Event: 152.844 GC heap after
Heap after GC invocations=48 (full 3):
 PSYoungGen      total 323584K, used 25577K [0x00000000eab00000, 0x0000000100000000, 0x0000000100000000)
  eden space 297984K, 0% used [0x00000000eab00000,0x00000000eab00000,0x00000000fce00000)
  from space 25600K, 99% used [0x00000000fce00000,0x00000000fe6fa6a8,0x00000000fe700000)
  to   space 25600K, 0% used [0x00000000fe700000,0x00000000fe700000,0x0000000100000000)
 ParOldGen       total 101888K, used 101592K [0x00000000c0000000, 0x00000000c6380000, 0x00000000eab00000)
  object space 101888K, 99% used [0x00000000c0000000,0x00000000c6336198,0x00000000c6380000)
 Metaspace       used 95966K, capacity 97414K, committed 97536K, reserved 1132544K
  class space    used 13427K, capacity 13817K, committed 13824K, reserved 1048576K
}
Event: 152.844 GC heap before
{Heap before GC invocations=49 (full 4):
 PSYoungGen      total 323584K, used 25577K [0x00000000eab00000, 0x0000000100000000, 0x0000000100000000)
  eden space 297984K, 0% used [0x00000000eab00000,0x00000000eab00000,0x00000000fce00000)
  from space 25600K, 99% used [0x00000000fce00000,0x00000000fe6fa6a8,0x00000000fe700000)
  to   space 25600K, 0% used [0x00000000fe700000,0x00000000fe700000,0x0000000100000000)
 ParOldGen       total 101888K, used 101592K [0x00000000c0000000, 0x00000000c6380000, 0x00000000eab00000)
  object space 101888K, 99% used [0x00000000c0000000,0x00000000c6336198,0x00000000c6380000)
 Metaspace       used 95966K, capacity 97414K, committed 97536K, reserved 1132544K
  class space    used 13427K, capacity 13817K, committed 13824K, reserved 1048576K

