# JRE version: OpenJDK Runtime Environment (8.0_222-b10) (build 1.8.0_222-8u222-b10-1ubuntu1~18.04.1-b10)
# Java VM: OpenJDK 64-Bit Server VM (25.222-b10 mixed mode linux-amd64 compressed oops)
Heap:
 PSYoungGen      total 287232K, used 0K [0x00000000eab00000, 0x0000000100000000, 0x0000000100000000)
  eden space 231936K, 0% used [0x00000000eab00000,0x00000000eab00000,0x00000000f8d80000)
  from space 55296K, 0% used [0x00000000fc280000,0x00000000fc280000,0x00000000ff880000)
  to   space 54272K, 0% used [0x00000000f8d80000,0x00000000f8d80000,0x00000000fc280000)
 ParOldGen       total 205312K, used 144729K [0x00000000c0000000, 0x00000000cc880000, 0x00000000eab00000)
  object space 205312K, 70% used [0x00000000c0000000,0x00000000c8d56558,0x00000000cc880000)
 Metaspace       used 91906K, capacity 93070K, committed 93312K, reserved 1128448K
  class space    used 13078K, capacity 13367K, committed 13440K, reserved 1048576K
GC Heap History (10 events):
Event: 41.135 GC heap after
Heap after GC invocations=34 (full 4):
 PSYoungGen      total 289792K, used 1216K [0x00000000eab00000, 0x0000000100000000, 0x0000000100000000)
  eden space 236544K, 0% used [0x00000000eab00000,0x00000000eab00000,0x00000000f9200000)
  from space 53248K, 2% used [0x00000000fc500000,0x00000000fc630050,0x00000000ff900000)
  to   space 52224K, 0% used [0x00000000f9200000,0x00000000f9200000,0x00000000fc500000)
 ParOldGen       total 205312K, used 128410K [0x00000000c0000000, 0x00000000cc880000, 0x00000000eab00000)
  object space 205312K, 62% used [0x00000000c0000000,0x00000000c7d66870,0x00000000cc880000)
 Metaspace       used 91869K, capacity 93076K, committed 93312K, reserved 1128448K
  class space    used 13079K, capacity 13368K, committed 13440K, reserved 1048576K
}
Event: 41.477 GC heap before
{Heap before GC invocations=35 (full 4):
 PSYoungGen      total 289792K, used 237760K [0x00000000eab00000, 0x0000000100000000, 0x0000000100000000)
  eden space 236544K, 100% used [0x00000000eab00000,0x00000000f9200000,0x00000000f9200000)
  from space 53248K, 2% used [0x00000000fc500000,0x00000000fc630050,0x00000000ff900000)
  to   space 52224K, 0% used [0x00000000f9200000,0x00000000f9200000,0x00000000fc500000)
 ParOldGen       total 205312K, used 128410K [0x00000000c0000000, 0x00000000cc880000, 0x00000000eab00000)
  object space 205312K, 62% used [0x00000000c0000000,0x00000000c7d66870,0x00000000cc880000)
 Metaspace       used 91887K, capacity 93076K, committed 93312K, reserved 1128448K
  class space    used 13079K, capacity 13368K, committed 13440K, reserved 1048576K
Event: 41.484 GC heap after
Heap after GC invocations=35 (full 4):
 PSYoungGen      total 288768K, used 43891K [0x00000000eab00000, 0x0000000100000000, 0x0000000100000000)
  eden space 236544K, 0% used [0x00000000eab00000,0x00000000eab00000,0x00000000f9200000)
  from space 52224K, 84% used [0x00000000f9200000,0x00000000fbcdcf90,0x00000000fc500000)
  to   space 59392K, 0% used [0x00000000fc600000,0x00000000fc600000,0x0000000100000000)
 ParOldGen       total 205312K, used 128410K [0x00000000c0000000, 0x00000000cc880000, 0x00000000eab00000)
  object space 205312K, 62% used [0x00000000c0000000,0x00000000c7d66870,0x00000000cc880000)
 Metaspace       used 91887K, capacity 93076K, committed 93312K, reserved 1128448K
  class space    used 13079K, capacity 13368K, committed 13440K, reserved 1048576K
}
Event: 41.713 GC heap before
{Heap before GC invocations=36 (full 4):
 PSYoungGen      total 288768K, used 280435K [0x00000000eab00000, 0x0000000100000000, 0x0000000100000000)
  eden space 236544K, 100% used [0x00000000eab00000,0x00000000f9200000,0x00000000f9200000)
  from space 52224K, 84% used [0x00000000f9200000,0x00000000fbcdcf90,0x00000000fc500000)
  to   space 59392K, 0% used [0x00000000fc600000,0x00000000fc600000,0x0000000100000000)
 ParOldGen       total 205312K, used 128410K [0x00000000c0000000, 0x00000000cc880000, 0x00000000eab00000)
  object space 205312K, 62% used [0x00000000c0000000,0x00000000c7d66870,0x00000000cc880000)
 Metaspace       used 91897K, capacity 93076K, committed 93312K, reserved 1128448K
  class space    used 13079K, capacity 13368K, committed 13440K, reserved 1048576K
Event: 41.720 GC heap after
Heap after GC invocations=36 (full 4):
 PSYoungGen      total 290304K, used 26963K [0x00000000eab00000, 0x0000000100000000, 0x0000000100000000)
  eden space 230912K, 0% used [0x00000000eab00000,0x00000000eab00000,0x00000000f8c80000)
  from space 59392K, 45% used [0x00000000fc600000,0x00000000fe054fa0,0x0000000100000000)
  to   space 58880K, 0% used [0x00000000f8c80000,0x00000000f8c80000,0x00000000fc600000)
 ParOldGen       total 205312K, used 128986K [0x00000000c0000000, 0x00000000cc880000, 0x00000000eab00000)
  object space 205312K, 62% used [0x00000000c0000000,0x00000000c7df6870,0x00000000cc880000)
 Metaspace       used 91897K, capacity 93076K, committed 93312K, reserved 1128448K
  class space    used 13079K, capacity 13368K, committed 13440K, reserved 1048576K
}
Event: 41.927 GC heap before
{Heap before GC invocations=37 (full 4):
 PSYoungGen      total 290304K, used 257875K [0x00000000eab00000, 0x0000000100000000, 0x0000000100000000)
  eden space 230912K, 100% used [0x00000000eab00000,0x00000000f8c80000,0x00000000f8c80000)
  from space 59392K, 45% used [0x00000000fc600000,0x00000000fe054fa0,0x0000000100000000)
  to   space 58880K, 0% used [0x00000000f8c80000,0x00000000f8c80000,0x00000000fc600000)
 ParOldGen       total 205312K, used 128986K [0x00000000c0000000, 0x00000000cc880000, 0x00000000eab00000)
  object space 205312K, 62% used [0x00000000c0000000,0x00000000c7df6870,0x00000000cc880000)
 Metaspace       used 91905K, capacity 93076K, committed 93312K, reserved 1128448K
  class space    used 13079K, capacity 13368K, committed 13440K, reserved 1048576K
Event: 41.949 GC heap after
Heap after GC invocations=37 (full 4):
 PSYoungGen      total 245248K, used 14292K [0x00000000eab00000, 0x00000000ff880000, 0x0000000100000000)
  eden space 230912K, 0% used [0x00000000eab00000,0x00000000eab00000,0x00000000f8c80000)
  from space 14336K, 99% used [0x00000000f8c80000,0x00000000f9a75048,0x00000000f9a80000)
  to   space 55296K, 0% used [0x00000000fc280000,0x00000000fc280000,0x00000000ff880000)
 ParOldGen       total 205312K, used 162380K [0x00000000c0000000, 0x00000000cc880000, 0x00000000eab00000)
  object space 205312K, 79% used [0x00000000c0000000,0x00000000c9e93150,0x00000000cc880000)
 Metaspace       used 91905K, capacity 93076K, committed 93312K, reserved 1128448K
  class space    used 13079K, capacity 13368K, committed 13440K, reserved 1048576K
}
Event: 42.180 GC heap before
{Heap before GC invocations=38 (full 4):
 PSYoungGen      total 245248K, used 244816K [0x00000000eab00000, 0x00000000ff880000, 0x0000000100000000)
  eden space 230912K, 99% used [0x00000000eab00000,0x00000000f8c1f100,0x00000000f8c80000)
  from space 14336K, 99% used [0x00000000f8c80000,0x00000000f9a75048,0x00000000f9a80000)
  to   space 55296K, 0% used [0x00000000fc280000,0x00000000fc280000,0x00000000ff880000)
 ParOldGen       total 205312K, used 162380K [0x00000000c0000000, 0x00000000cc880000, 0x00000000eab00000)
  object space 205312K, 79% used [0x00000000c0000000,0x00000000c9e93150,0x00000000cc880000)
 Metaspace       used 91910K, capacity 93076K, committed 93312K, reserved 1128448K
  class space    used 13079K, capacity 13368K, committed 13440K, reserved 1048576K
Event: 42.200 GC heap after
Heap after GC invocations=38 (full 4):
 PSYoungGen      total 287232K, used 2247K [0x00000000eab00000, 0x0000000100000000, 0x0000000100000000)
  eden space 231936K, 0% used [0x00000000eab00000,0x00000000eab00000,0x00000000f8d80000)
  from space 55296K, 4% used [0x00000000fc280000,0x00000000fc4b1ea8,0x00000000ff880000)
  to   space 54272K, 0% used [0x00000000f8d80000,0x00000000f8d80000,0x00000000fc280000)
 ParOldGen       total 205312K, used 179273K [0x00000000c0000000, 0x00000000cc880000, 0x00000000eab00000)
  object space 205312K, 87% used [0x00000000c0000000,0x00000000caf12488,0x00000000cc880000)
 Metaspace       used 91910K, capacity 93076K, committed 93312K, reserved 1128448K
  class space    used 13079K, capacity 13368K, committed 13440K, reserved 1048576K
}
Event: 42.200 GC heap before
{Heap before GC invocations=39 (full 5):
 PSYoungGen      total 287232K, used 2247K [0x00000000eab00000, 0x0000000100000000, 0x0000000100000000)
  eden space 231936K, 0% used [0x00000000eab00000,0x00000000eab00000,0x00000000f8d80000)
  from space 55296K, 4% used [0x00000000fc280000,0x00000000fc4b1ea8,0x00000000ff880000)
  to   space 54272K, 0% used [0x00000000f8d80000,0x00000000f8d80000,0x00000000fc280000)
 ParOldGen       total 205312K, used 179273K [0x00000000c0000000, 0x00000000cc880000, 0x00000000eab00000)
  object space 205312K, 87% used [0x00000000c0000000,0x00000000caf12488,0x00000000cc880000)
 Metaspace       used 91910K, capacity 93076K, committed 93312K, reserved 1128448K
  class space    used 13079K, capacity 13368K, committed 13440K, reserved 1048576K

