# JRE version: OpenJDK Runtime Environment (8.0_222-b10) (build 1.8.0_222-8u222-b10-1ubuntu1~18.04.1-b10)
# Java VM: OpenJDK 64-Bit Server VM (25.222-b10 mixed mode linux-amd64 compressed oops)
Heap:
 PSYoungGen      total 294912K, used 0K [0x00000000eab00000, 0x0000000100000000, 0x0000000100000000)
  eden space 266752K, 0% used [0x00000000eab00000,0x00000000eab00000,0x00000000faf80000)
  from space 28160K, 0% used [0x00000000faf80000,0x00000000faf80000,0x00000000fcb00000)
  to   space 31744K, 0% used [0x00000000fe100000,0x00000000fe100000,0x0000000100000000)
 ParOldGen       total 94720K, used 78087K [0x00000000c0000000, 0x00000000c5c80000, 0x00000000eab00000)
  object space 94720K, 82% used [0x00000000c0000000,0x00000000c4c41f80,0x00000000c5c80000)
 Metaspace       used 92923K, capacity 94082K, committed 94336K, reserved 1130496K
  class space    used 13057K, capacity 13314K, committed 13440K, reserved 1048576K
GC Heap History (10 events):
Event: 160.713 GC heap after
Heap after GC invocations=30 (full 3):
 PSYoungGen      total 316928K, used 15475K [0x00000000eab00000, 0x00000000ffd80000, 0x0000000100000000)
  eden space 286720K, 0% used [0x00000000eab00000,0x00000000eab00000,0x00000000fc300000)
  from space 30208K, 51% used [0x00000000fc300000,0x00000000fd21cd80,0x00000000fe080000)
  to   space 29184K, 0% used [0x00000000fe100000,0x00000000fe100000,0x00000000ffd80000)
 ParOldGen       total 94720K, used 60340K [0x00000000c0000000, 0x00000000c5c80000, 0x00000000eab00000)
  object space 94720K, 63% used [0x00000000c0000000,0x00000000c3aed2c0,0x00000000c5c80000)
 Metaspace       used 92486K, capacity 93648K, committed 93696K, reserved 1130496K
  class space    used 13049K, capacity 13308K, committed 13312K, reserved 1048576K
}
Event: 178.021 GC heap before
{Heap before GC invocations=31 (full 3):
 PSYoungGen      total 316928K, used 302195K [0x00000000eab00000, 0x00000000ffd80000, 0x0000000100000000)
  eden space 286720K, 100% used [0x00000000eab00000,0x00000000fc300000,0x00000000fc300000)
  from space 30208K, 51% used [0x00000000fc300000,0x00000000fd21cd80,0x00000000fe080000)
  to   space 29184K, 0% used [0x00000000fe100000,0x00000000fe100000,0x00000000ffd80000)
 ParOldGen       total 94720K, used 60340K [0x00000000c0000000, 0x00000000c5c80000, 0x00000000eab00000)
  object space 94720K, 63% used [0x00000000c0000000,0x00000000c3aed2c0,0x00000000c5c80000)
 Metaspace       used 92555K, capacity 93776K, committed 93952K, reserved 1130496K
  class space    used 13049K, capacity 13308K, committed 13312K, reserved 1048576K
Event: 178.092 GC heap after
Heap after GC invocations=31 (full 3):
 PSYoungGen      total 290816K, used 6809K [0x00000000eab00000, 0x00000000ff000000, 0x0000000100000000)
  eden space 275456K, 0% used [0x00000000eab00000,0x00000000eab00000,0x00000000fb800000)
  from space 15360K, 44% used [0x00000000fe100000,0x00000000fe7a6438,0x00000000ff000000)
  to   space 28672K, 0% used [0x00000000fb800000,0x00000000fb800000,0x00000000fd400000)
 ParOldGen       total 94720K, used 60340K [0x00000000c0000000, 0x00000000c5c80000, 0x00000000eab00000)
  object space 94720K, 63% used [0x00000000c0000000,0x00000000c3aed2c0,0x00000000c5c80000)
 Metaspace       used 92555K, capacity 93776K, committed 93952K, reserved 1130496K
  class space    used 13049K, capacity 13308K, committed 13312K, reserved 1048576K
}
Event: 181.211 GC heap before
{Heap before GC invocations=32 (full 3):
 PSYoungGen      total 290816K, used 282117K [0x00000000eab00000, 0x00000000ff000000, 0x0000000100000000)
  eden space 275456K, 99% used [0x00000000eab00000,0x00000000fb7db158,0x00000000fb800000)
  from space 15360K, 44% used [0x00000000fe100000,0x00000000fe7a6438,0x00000000ff000000)
  to   space 28672K, 0% used [0x00000000fb800000,0x00000000fb800000,0x00000000fd400000)
 ParOldGen       total 94720K, used 60340K [0x00000000c0000000, 0x00000000c5c80000, 0x00000000eab00000)
  object space 94720K, 63% used [0x00000000c0000000,0x00000000c3aed2c0,0x00000000c5c80000)
 Metaspace       used 92603K, capacity 93840K, committed 93952K, reserved 1130496K
  class space    used 13050K, capacity 13308K, committed 13312K, reserved 1048576K
Event: 181.231 GC heap after
Heap after GC invocations=32 (full 3):
 PSYoungGen      total 284160K, used 19299K [0x00000000eab00000, 0x00000000fe780000, 0x0000000100000000)
  eden space 264704K, 0% used [0x00000000eab00000,0x00000000eab00000,0x00000000fad80000)
  from space 19456K, 99% used [0x00000000fb800000,0x00000000fcad8f40,0x00000000fcb00000)
  to   space 29184K, 0% used [0x00000000fcb00000,0x00000000fcb00000,0x00000000fe780000)
 ParOldGen       total 94720K, used 60340K [0x00000000c0000000, 0x00000000c5c80000, 0x00000000eab00000)
  object space 94720K, 63% used [0x00000000c0000000,0x00000000c3aed2c0,0x00000000c5c80000)
 Metaspace       used 92603K, capacity 93840K, committed 93952K, reserved 1130496K
  class space    used 13050K, capacity 13308K, committed 13312K, reserved 1048576K
}
Event: 183.691 GC heap before
{Heap before GC invocations=33 (full 3):
 PSYoungGen      total 284160K, used 284003K [0x00000000eab00000, 0x00000000fe780000, 0x0000000100000000)
  eden space 264704K, 100% used [0x00000000eab00000,0x00000000fad80000,0x00000000fad80000)
  from space 19456K, 99% used [0x00000000fb800000,0x00000000fcad8f40,0x00000000fcb00000)
  to   space 29184K, 0% used [0x00000000fcb00000,0x00000000fcb00000,0x00000000fe780000)
 ParOldGen       total 94720K, used 60340K [0x00000000c0000000, 0x00000000c5c80000, 0x00000000eab00000)
  object space 94720K, 63% used [0x00000000c0000000,0x00000000c3aed2c0,0x00000000c5c80000)
 Metaspace       used 92607K, capacity 93840K, committed 93952K, reserved 1130496K
  class space    used 13050K, capacity 13308K, committed 13312K, reserved 1048576K
Event: 183.726 GC heap after
Heap after GC invocations=33 (full 3):
 PSYoungGen      total 295936K, used 11511K [0x00000000eab00000, 0x00000000ffe00000, 0x0000000100000000)
  eden space 266752K, 0% used [0x00000000eab00000,0x00000000eab00000,0x00000000faf80000)
  from space 29184K, 39% used [0x00000000fcb00000,0x00000000fd63df10,0x00000000fe780000)
  to   space 28160K, 0% used [0x00000000faf80000,0x00000000faf80000,0x00000000fcb00000)
 ParOldGen       total 94720K, used 60540K [0x00000000c0000000, 0x00000000c5c80000, 0x00000000eab00000)
  object space 94720K, 63% used [0x00000000c0000000,0x00000000c3b1f2c0,0x00000000c5c80000)
 Metaspace       used 92607K, capacity 93840K, committed 93952K, reserved 1130496K
  class space    used 13050K, capacity 13308K, committed 13312K, reserved 1048576K
}
Event: 187.087 GC heap before
{Heap before GC invocations=34 (full 3):
 PSYoungGen      total 295936K, used 278263K [0x00000000eab00000, 0x00000000ffe00000, 0x0000000100000000)
  eden space 266752K, 100% used [0x00000000eab00000,0x00000000faf80000,0x00000000faf80000)
  from space 29184K, 39% used [0x00000000fcb00000,0x00000000fd63df10,0x00000000fe780000)
  to   space 28160K, 0% used [0x00000000faf80000,0x00000000faf80000,0x00000000fcb00000)
 ParOldGen       total 94720K, used 60540K [0x00000000c0000000, 0x00000000c5c80000, 0x00000000eab00000)
  object space 94720K, 63% used [0x00000000c0000000,0x00000000c3b1f2c0,0x00000000c5c80000)
 Metaspace       used 92937K, capacity 94106K, committed 94336K, reserved 1130496K
  class space    used 13059K, capacity 13318K, committed 13440K, reserved 1048576K
Event: 187.400 GC heap after
Heap after GC invocations=34 (full 3):
 PSYoungGen      total 294912K, used 26845K [0x00000000eab00000, 0x0000000100000000, 0x0000000100000000)
  eden space 266752K, 0% used [0x00000000eab00000,0x00000000eab00000,0x00000000faf80000)
  from space 28160K, 95% used [0x00000000faf80000,0x00000000fc9b7448,0x00000000fcb00000)
  to   space 31744K, 0% used [0x00000000fe100000,0x00000000fe100000,0x0000000100000000)
 ParOldGen       total 94720K, used 85364K [0x00000000c0000000, 0x00000000c5c80000, 0x00000000eab00000)
  object space 94720K, 90% used [0x00000000c0000000,0x00000000c535d310,0x00000000c5c80000)
 Metaspace       used 92937K, capacity 94106K, committed 94336K, reserved 1130496K
  class space    used 13059K, capacity 13318K, committed 13440K, reserved 1048576K
}
Event: 187.400 GC heap before
{Heap before GC invocations=35 (full 4):
 PSYoungGen      total 294912K, used 26845K [0x00000000eab00000, 0x0000000100000000, 0x0000000100000000)
  eden space 266752K, 0% used [0x00000000eab00000,0x00000000eab00000,0x00000000faf80000)
  from space 28160K, 95% used [0x00000000faf80000,0x00000000fc9b7448,0x00000000fcb00000)
  to   space 31744K, 0% used [0x00000000fe100000,0x00000000fe100000,0x0000000100000000)
 ParOldGen       total 94720K, used 85364K [0x00000000c0000000, 0x00000000c5c80000, 0x00000000eab00000)
  object space 94720K, 90% used [0x00000000c0000000,0x00000000c535d310,0x00000000c5c80000)
 Metaspace       used 92937K, capacity 94106K, committed 94336K, reserved 1130496K
  class space    used 13059K, capacity 13318K, committed 13440K, reserved 1048576K

