# JRE version: OpenJDK Runtime Environment (8.0_222-b10) (build 1.8.0_222-8u222-b10-1ubuntu1~18.04.1-b10)
# Java VM: OpenJDK 64-Bit Server VM (25.222-b10 mixed mode linux-amd64 compressed oops)
Heap:
 PSYoungGen      total 325120K, used 133206K [0x00000000eab00000, 0x0000000100000000, 0x0000000100000000)
  eden space 301056K, 39% used [0x00000000eab00000,0x00000000f1de0c38,0x00000000fd100000)
  from space 24064K, 64% used [0x00000000fd100000,0x00000000fe034de0,0x00000000fe880000)
  to   space 24064K, 0% used [0x00000000fe880000,0x00000000fe880000,0x0000000100000000)
 ParOldGen       total 564736K, used 283654K [0x00000000c0000000, 0x00000000e2780000, 0x00000000eab00000)
  object space 564736K, 50% used [0x00000000c0000000,0x00000000d1501a18,0x00000000e2780000)
 Metaspace       used 97474K, capacity 98974K, committed 99072K, reserved 1134592K
  class space    used 13576K, capacity 14016K, committed 14080K, reserved 1048576K
GC Heap History (10 events):
Event: 302.587 GC heap before
{Heap before GC invocations=349 (full 18):
 PSYoungGen      total 324608K, used 316924K [0x00000000eab00000, 0x0000000100000000, 0x0000000100000000)
  eden space 302080K, 100% used [0x00000000eab00000,0x00000000fd200000,0x00000000fd200000)
  from space 22528K, 65% used [0x00000000fe880000,0x00000000ff6ff098,0x00000000ffe80000)
  to   space 23040K, 0% used [0x00000000fd200000,0x00000000fd200000,0x00000000fe880000)
 ParOldGen       total 564736K, used 282107K [0x00000000c0000000, 0x00000000e2780000, 0x00000000eab00000)
  object space 564736K, 49% used [0x00000000c0000000,0x00000000d137ee30,0x00000000e2780000)
 Metaspace       used 97454K, capacity 98968K, committed 99072K, reserved 1134592K
  class space    used 13571K, capacity 14015K, committed 14080K, reserved 1048576K
Event: 302.605 GC heap after
Heap after GC invocations=349 (full 18):
 PSYoungGen      total 325120K, used 15640K [0x00000000eab00000, 0x0000000100000000, 0x0000000100000000)
  eden space 302080K, 0% used [0x00000000eab00000,0x00000000eab00000,0x00000000fd200000)
  from space 23040K, 67% used [0x00000000fd200000,0x00000000fe146390,0x00000000fe880000)
  to   space 23552K, 0% used [0x00000000fe900000,0x00000000fe900000,0x0000000100000000)
 ParOldGen       total 564736K, used 282363K [0x00000000c0000000, 0x00000000e2780000, 0x00000000eab00000)
  object space 564736K, 49% used [0x00000000c0000000,0x00000000d13bed40,0x00000000e2780000)
 Metaspace       used 97454K, capacity 98968K, committed 99072K, reserved 1134592K
  class space    used 13571K, capacity 14015K, committed 14080K, reserved 1048576K
}
Event: 303.674 GC heap before
{Heap before GC invocations=350 (full 18):
 PSYoungGen      total 325120K, used 317720K [0x00000000eab00000, 0x0000000100000000, 0x0000000100000000)
  eden space 302080K, 100% used [0x00000000eab00000,0x00000000fd200000,0x00000000fd200000)
  from space 23040K, 67% used [0x00000000fd200000,0x00000000fe146390,0x00000000fe880000)
  to   space 23552K, 0% used [0x00000000fe900000,0x00000000fe900000,0x0000000100000000)
 ParOldGen       total 564736K, used 282363K [0x00000000c0000000, 0x00000000e2780000, 0x00000000eab00000)
  object space 564736K, 49% used [0x00000000c0000000,0x00000000d13bed40,0x00000000e2780000)
 Metaspace       used 97454K, capacity 98968K, committed 99072K, reserved 1134592K
  class space    used 13571K, capacity 14015K, committed 14080K, reserved 1048576K
Event: 303.689 GC heap after
Heap after GC invocations=350 (full 18):
 PSYoungGen      total 324608K, used 15260K [0x00000000eab00000, 0x0000000100000000, 0x0000000100000000)
  eden space 301056K, 0% used [0x00000000eab00000,0x00000000eab00000,0x00000000fd100000)
  from space 23552K, 64% used [0x00000000fe900000,0x00000000ff7e71e0,0x0000000100000000)
  to   space 24064K, 0% used [0x00000000fd100000,0x00000000fd100000,0x00000000fe880000)
 ParOldGen       total 564736K, used 282768K [0x00000000c0000000, 0x00000000e2780000, 0x00000000eab00000)
  object space 564736K, 50% used [0x00000000c0000000,0x00000000d14243a8,0x00000000e2780000)
 Metaspace       used 97454K, capacity 98968K, committed 99072K, reserved 1134592K
  class space    used 13571K, capacity 14015K, committed 14080K, reserved 1048576K
}
Event: 305.549 GC heap before
{Heap before GC invocations=351 (full 18):
 PSYoungGen      total 324608K, used 316316K [0x00000000eab00000, 0x0000000100000000, 0x0000000100000000)
  eden space 301056K, 100% used [0x00000000eab00000,0x00000000fd100000,0x00000000fd100000)
  from space 23552K, 64% used [0x00000000fe900000,0x00000000ff7e71e0,0x0000000100000000)
  to   space 24064K, 0% used [0x00000000fd100000,0x00000000fd100000,0x00000000fe880000)
 ParOldGen       total 564736K, used 282768K [0x00000000c0000000, 0x00000000e2780000, 0x00000000eab00000)
  object space 564736K, 50% used [0x00000000c0000000,0x00000000d14243a8,0x00000000e2780000)
 Metaspace       used 97454K, capacity 98968K, committed 99072K, reserved 1134592K
  class space    used 13571K, capacity 14015K, committed 14080K, reserved 1048576K
Event: 305.566 GC heap after
Heap after GC invocations=351 (full 18):
 PSYoungGen      total 325120K, used 15182K [0x00000000eab00000, 0x0000000100000000, 0x0000000100000000)
  eden space 301056K, 0% used [0x00000000eab00000,0x00000000eab00000,0x00000000fd100000)
  from space 24064K, 63% used [0x00000000fd100000,0x00000000fdfd39a0,0x00000000fe880000)
  to   space 24064K, 0% used [0x00000000fe880000,0x00000000fe880000,0x0000000100000000)
 ParOldGen       total 564736K, used 283137K [0x00000000c0000000, 0x00000000e2780000, 0x00000000eab00000)
  object space 564736K, 50% used [0x00000000c0000000,0x00000000d1480688,0x00000000e2780000)
 Metaspace       used 97454K, capacity 98968K, committed 99072K, reserved 1134592K
  class space    used 13571K, capacity 14015K, committed 14080K, reserved 1048576K
}
Event: 306.062 GC heap before
{Heap before GC invocations=352 (full 18):
 PSYoungGen      total 325120K, used 316238K [0x00000000eab00000, 0x0000000100000000, 0x0000000100000000)
  eden space 301056K, 100% used [0x00000000eab00000,0x00000000fd100000,0x00000000fd100000)
  from space 24064K, 63% used [0x00000000fd100000,0x00000000fdfd39a0,0x00000000fe880000)
  to   space 24064K, 0% used [0x00000000fe880000,0x00000000fe880000,0x0000000100000000)
 ParOldGen       total 564736K, used 283137K [0x00000000c0000000, 0x00000000e2780000, 0x00000000eab00000)
  object space 564736K, 50% used [0x00000000c0000000,0x00000000d1480688,0x00000000e2780000)
 Metaspace       used 97454K, capacity 98968K, committed 99072K, reserved 1134592K
  class space    used 13571K, capacity 14015K, committed 14080K, reserved 1048576K
Event: 306.081 GC heap after
Heap after GC invocations=352 (full 18):
 PSYoungGen      total 325120K, used 15212K [0x00000000eab00000, 0x0000000100000000, 0x0000000100000000)
  eden space 301056K, 0% used [0x00000000eab00000,0x00000000eab00000,0x00000000fd100000)
  from space 24064K, 63% used [0x00000000fe880000,0x00000000ff75b2a0,0x0000000100000000)
  to   space 24064K, 0% used [0x00000000fd100000,0x00000000fd100000,0x00000000fe880000)
 ParOldGen       total 564736K, used 283421K [0x00000000c0000000, 0x00000000e2780000, 0x00000000eab00000)
  object space 564736K, 50% used [0x00000000c0000000,0x00000000d14c7548,0x00000000e2780000)
 Metaspace       used 97454K, capacity 98968K, committed 99072K, reserved 1134592K
  class space    used 13571K, capacity 14015K, committed 14080K, reserved 1048576K
}
Event: 306.703 GC heap before
{Heap before GC invocations=353 (full 18):
 PSYoungGen      total 325120K, used 316268K [0x00000000eab00000, 0x0000000100000000, 0x0000000100000000)
  eden space 301056K, 100% used [0x00000000eab00000,0x00000000fd100000,0x00000000fd100000)
  from space 24064K, 63% used [0x00000000fe880000,0x00000000ff75b2a0,0x0000000100000000)
  to   space 24064K, 0% used [0x00000000fd100000,0x00000000fd100000,0x00000000fe880000)
 ParOldGen       total 564736K, used 283421K [0x00000000c0000000, 0x00000000e2780000, 0x00000000eab00000)
  object space 564736K, 50% used [0x00000000c0000000,0x00000000d14c7548,0x00000000e2780000)
 Metaspace       used 97454K, capacity 98968K, committed 99072K, reserved 1134592K
  class space    used 13571K, capacity 14015K, committed 14080K, reserved 1048576K
Event: 306.763 GC heap after
Heap after GC invocations=353 (full 18):
 PSYoungGen      total 325120K, used 15571K [0x00000000eab00000, 0x0000000100000000, 0x0000000100000000)
  eden space 301056K, 0% used [0x00000000eab00000,0x00000000eab00000,0x00000000fd100000)
  from space 24064K, 64% used [0x00000000fd100000,0x00000000fe034de0,0x00000000fe880000)
  to   space 24064K, 0% used [0x00000000fe880000,0x00000000fe880000,0x0000000100000000)
 ParOldGen       total 564736K, used 283654K [0x00000000c0000000, 0x00000000e2780000, 0x00000000eab00000)
  object space 564736K, 50% used [0x00000000c0000000,0x00000000d1501a18,0x00000000e2780000)
 Metaspace       used 97454K, capacity 98968K, committed 99072K, reserved 1134592K
  class space    used 13571K, capacity 14015K, committed 14080K, reserved 1048576K
}

