# JRE version: OpenJDK Runtime Environment (8.0_222-b10) (build 1.8.0_222-8u222-b10-1ubuntu1~18.04.1-b10)
# Java VM: OpenJDK 64-Bit Server VM (25.222-b10 mixed mode linux-amd64 compressed oops)
Heap:
 PSYoungGen      total 316416K, used 0K [0x00000000eab00000, 0x0000000100000000, 0x0000000100000000)
  eden space 289792K, 0% used [0x00000000eab00000,0x00000000eab00000,0x00000000fc600000)
  from space 26624K, 0% used [0x00000000fe600000,0x00000000fe600000,0x0000000100000000)
  to   space 29696K, 0% used [0x00000000fc600000,0x00000000fc600000,0x00000000fe300000)
 ParOldGen       total 81920K, used 60369K [0x00000000c0000000, 0x00000000c5000000, 0x00000000eab00000)
  object space 81920K, 73% used [0x00000000c0000000,0x00000000c3af4580,0x00000000c5000000)
 Metaspace       used 90910K, capacity 92026K, committed 92160K, reserved 1128448K
  class space    used 12955K, capacity 13200K, committed 13312K, reserved 1048576K
GC Heap History (10 events):
Event: 20.550 GC heap after
Heap after GC invocations=17 (full 3):
 PSYoungGen      total 329216K, used 11407K [0x00000000eab00000, 0x0000000100000000, 0x0000000100000000)
  eden space 308736K, 0% used [0x00000000eab00000,0x00000000eab00000,0x00000000fd880000)
  from space 20480K, 55% used [0x00000000fec00000,0x00000000ff723e18,0x0000000100000000)
  to   space 19968K, 0% used [0x00000000fd880000,0x00000000fd880000,0x00000000fec00000)
 ParOldGen       total 81920K, used 36370K [0x00000000c0000000, 0x00000000c5000000, 0x00000000eab00000)
  object space 81920K, 44% used [0x00000000c0000000,0x00000000c23848d0,0x00000000c5000000)
 Metaspace       used 86185K, capacity 87046K, committed 87168K, reserved 1124352K
  class space    used 12438K, capacity 12624K, committed 12672K, reserved 1048576K
}
Event: 23.770 GC heap before
{Heap before GC invocations=18 (full 3):
 PSYoungGen      total 329216K, used 320143K [0x00000000eab00000, 0x0000000100000000, 0x0000000100000000)
  eden space 308736K, 100% used [0x00000000eab00000,0x00000000fd880000,0x00000000fd880000)
  from space 20480K, 55% used [0x00000000fec00000,0x00000000ff723e18,0x0000000100000000)
  to   space 19968K, 0% used [0x00000000fd880000,0x00000000fd880000,0x00000000fec00000)
 ParOldGen       total 81920K, used 36370K [0x00000000c0000000, 0x00000000c5000000, 0x00000000eab00000)
  object space 81920K, 44% used [0x00000000c0000000,0x00000000c23848d0,0x00000000c5000000)
 Metaspace       used 86887K, capacity 87808K, committed 87936K, reserved 1124352K
  class space    used 12472K, capacity 12659K, committed 12672K, reserved 1048576K
Event: 23.785 GC heap after
Heap after GC invocations=18 (full 3):
 PSYoungGen      total 324608K, used 15527K [0x00000000eab00000, 0x0000000100000000, 0x0000000100000000)
  eden space 308736K, 0% used [0x00000000eab00000,0x00000000eab00000,0x00000000fd880000)
  from space 15872K, 97% used [0x00000000fd880000,0x00000000fe7a9c60,0x00000000fe800000)
  to   space 21504K, 0% used [0x00000000feb00000,0x00000000feb00000,0x0000000100000000)
 ParOldGen       total 81920K, used 41349K [0x00000000c0000000, 0x00000000c5000000, 0x00000000eab00000)
  object space 81920K, 50% used [0x00000000c0000000,0x00000000c2861458,0x00000000c5000000)
 Metaspace       used 86887K, capacity 87808K, committed 87936K, reserved 1124352K
  class space    used 12472K, capacity 12659K, committed 12672K, reserved 1048576K
}
Event: 27.068 GC heap before
{Heap before GC invocations=19 (full 3):
 PSYoungGen      total 324608K, used 324263K [0x00000000eab00000, 0x0000000100000000, 0x0000000100000000)
  eden space 308736K, 100% used [0x00000000eab00000,0x00000000fd880000,0x00000000fd880000)
  from space 15872K, 97% used [0x00000000fd880000,0x00000000fe7a9c60,0x00000000fe800000)
  to   space 21504K, 0% used [0x00000000feb00000,0x00000000feb00000,0x0000000100000000)
 ParOldGen       total 81920K, used 41349K [0x00000000c0000000, 0x00000000c5000000, 0x00000000eab00000)
  object space 81920K, 50% used [0x00000000c0000000,0x00000000c2861458,0x00000000c5000000)
 Metaspace       used 89983K, capacity 91004K, committed 91264K, reserved 1128448K
  class space    used 12914K, capacity 13139K, committed 13184K, reserved 1048576K
Event: 27.101 GC heap after
Heap after GC invocations=19 (full 3):
 PSYoungGen      total 316416K, used 21496K [0x00000000eab00000, 0x0000000100000000, 0x0000000100000000)
  eden space 294912K, 0% used [0x00000000eab00000,0x00000000eab00000,0x00000000fcb00000)
  from space 21504K, 99% used [0x00000000feb00000,0x00000000ffffe108,0x0000000100000000)
  to   space 27136K, 0% used [0x00000000fcb00000,0x00000000fcb00000,0x00000000fe580000)
 ParOldGen       total 81920K, used 48630K [0x00000000c0000000, 0x00000000c5000000, 0x00000000eab00000)
  object space 81920K, 59% used [0x00000000c0000000,0x00000000c2f7d948,0x00000000c5000000)
 Metaspace       used 89983K, capacity 91004K, committed 91264K, reserved 1128448K
  class space    used 12914K, capacity 13139K, committed 13184K, reserved 1048576K
}
Event: 33.587 GC heap before
{Heap before GC invocations=20 (full 3):
 PSYoungGen      total 316416K, used 316408K [0x00000000eab00000, 0x0000000100000000, 0x0000000100000000)
  eden space 294912K, 100% used [0x00000000eab00000,0x00000000fcb00000,0x00000000fcb00000)
  from space 21504K, 99% used [0x00000000feb00000,0x00000000ffffe108,0x0000000100000000)
  to   space 27136K, 0% used [0x00000000fcb00000,0x00000000fcb00000,0x00000000fe580000)
 ParOldGen       total 81920K, used 48630K [0x00000000c0000000, 0x00000000c5000000, 0x00000000eab00000)
  object space 81920K, 59% used [0x00000000c0000000,0x00000000c2f7d948,0x00000000c5000000)
 Metaspace       used 90581K, capacity 91616K, committed 91776K, reserved 1128448K
  class space    used 12945K, capacity 13169K, committed 13184K, reserved 1048576K
Event: 33.618 GC heap after
Heap after GC invocations=20 (full 3):
 PSYoungGen      total 322048K, used 7128K [0x00000000eab00000, 0x0000000100000000, 0x0000000100000000)
  eden space 294912K, 0% used [0x00000000eab00000,0x00000000eab00000,0x00000000fcb00000)
  from space 27136K, 26% used [0x00000000fcb00000,0x00000000fd1f6028,0x00000000fe580000)
  to   space 26624K, 0% used [0x00000000fe600000,0x00000000fe600000,0x0000000100000000)
 ParOldGen       total 81920K, used 52829K [0x00000000c0000000, 0x00000000c5000000, 0x00000000eab00000)
  object space 81920K, 64% used [0x00000000c0000000,0x00000000c33975f0,0x00000000c5000000)
 Metaspace       used 90581K, capacity 91616K, committed 91776K, reserved 1128448K
  class space    used 12945K, capacity 13169K, committed 13184K, reserved 1048576K
}
Event: 44.184 GC heap before
{Heap before GC invocations=21 (full 3):
 PSYoungGen      total 322048K, used 302040K [0x00000000eab00000, 0x0000000100000000, 0x0000000100000000)
  eden space 294912K, 100% used [0x00000000eab00000,0x00000000fcb00000,0x00000000fcb00000)
  from space 27136K, 26% used [0x00000000fcb00000,0x00000000fd1f6028,0x00000000fe580000)
  to   space 26624K, 0% used [0x00000000fe600000,0x00000000fe600000,0x0000000100000000)
 ParOldGen       total 81920K, used 52829K [0x00000000c0000000, 0x00000000c5000000, 0x00000000eab00000)
  object space 81920K, 64% used [0x00000000c0000000,0x00000000c33975f0,0x00000000c5000000)
 Metaspace       used 90925K, capacity 92050K, committed 92160K, reserved 1128448K
  class space    used 12958K, capacity 13204K, committed 13312K, reserved 1048576K
Event: 44.531 GC heap after
Heap after GC invocations=21 (full 3):
 PSYoungGen      total 316416K, used 23654K [0x00000000eab00000, 0x0000000100000000, 0x0000000100000000)
  eden space 289792K, 0% used [0x00000000eab00000,0x00000000eab00000,0x00000000fc600000)
  from space 26624K, 88% used [0x00000000fe600000,0x00000000ffd19940,0x0000000100000000)
  to   space 29696K, 0% used [0x00000000fc600000,0x00000000fc600000,0x00000000fe300000)
 ParOldGen       total 81920K, used 69221K [0x00000000c0000000, 0x00000000c5000000, 0x00000000eab00000)
  object space 81920K, 84% used [0x00000000c0000000,0x00000000c4399610,0x00000000c5000000)
 Metaspace       used 90925K, capacity 92050K, committed 92160K, reserved 1128448K
  class space    used 12958K, capacity 13204K, committed 13312K, reserved 1048576K
}
Event: 44.532 GC heap before
{Heap before GC invocations=22 (full 4):
 PSYoungGen      total 316416K, used 23654K [0x00000000eab00000, 0x0000000100000000, 0x0000000100000000)
  eden space 289792K, 0% used [0x00000000eab00000,0x00000000eab00000,0x00000000fc600000)
  from space 26624K, 88% used [0x00000000fe600000,0x00000000ffd19940,0x0000000100000000)
  to   space 29696K, 0% used [0x00000000fc600000,0x00000000fc600000,0x00000000fe300000)
 ParOldGen       total 81920K, used 69221K [0x00000000c0000000, 0x00000000c5000000, 0x00000000eab00000)
  object space 81920K, 84% used [0x00000000c0000000,0x00000000c4399610,0x00000000c5000000)
 Metaspace       used 90925K, capacity 92050K, committed 92160K, reserved 1128448K
  class space    used 12958K, capacity 13204K, committed 13312K, reserved 1048576K

